<?xml version="1.0" encoding="UTF-8"?>
<testng-results ignored="0" total="1" passed="1" failed="0" skipped="0">
  <reporter-output>
  </reporter-output>
  <suite started-at="2024-07-09T17:38:15 BST" name="Default suite" finished-at="2024-07-09T17:38:20 BST" duration-ms="5348">
    <groups>
    </groups>
    <test started-at="2024-07-09T17:38:15 BST" name="Default test" finished-at="2024-07-09T17:38:20 BST" duration-ms="5348">
      <class name="rahulshettyacademy.tests.ErrorValidations">
        <test-method is-config="true" signature="launchApplication()[pri:0, instance:rahulshettyacademy.tests.ErrorValidations@7c24b813]" started-at="2024-07-09T17:38:15 BST" name="launchApplication" finished-at="2024-07-09T17:38:19 BST" duration-ms="4689" status="PASS">
          <reporter-output>
          </reporter-output>
        </test-method> <!-- launchApplication -->
        <test-method signature="submitOrder()[pri:0, instance:rahulshettyacademy.tests.ErrorValidations@7c24b813]" started-at="2024-07-09T17:38:19 BST" name="submitOrder" finished-at="2024-07-09T17:38:20 BST" duration-ms="626" status="PASS">
          <reporter-output>
          </reporter-output>
        </test-method> <!-- submitOrder -->
      </class> <!-- rahulshettyacademy.tests.ErrorValidations -->
    </test> <!-- Default test -->
  </suite> <!-- Default suite -->
</testng-results>
